<?xml version="1.0" encoding="UTF-8"?>
<!-- Generated by org.testng.reporters.JUnitXMLReporter -->
<testsuite ignored="0" hostname="Pwrs-MacBook-Pro.local" failures="1" tests="1" name="HomeTest" time="0.025" errors="0" timestamp="2023-12-09T11:00:23 IST">
  <testcase classname="com.qa.baseclass.Baseclass" name="@BeforeSuite setUp" time="0.111">
    <failure type="java.lang.IllegalStateException" message="The driver executable does not exist: /Users/apple/Desktop/SANITY DWEB/dweb-qa-automation/Chromedriver/chromedrivermac">
      <![CDATA[java.lang.IllegalStateException: The driver executable does not exist: /Users/apple/Desktop/SANITY DWEB/dweb-qa-automation/Chromedriver/chromedrivermac
at com.google.common.base.Preconditions.checkState(Preconditions.java:585)
at org.openqa.selenium.remote.service.DriverService.checkExecutable(DriverService.java:146)
at org.openqa.selenium.remote.service.DriverService.findExecutable(DriverService.java:141)
at org.openqa.selenium.chrome.ChromeDriverService.access$000(ChromeDriverService.java:35)
at org.openqa.selenium.chrome.ChromeDriverService$Builder.findDefaultExecutable(ChromeDriverService.java:159)
at org.openqa.selenium.remote.service.DriverService$Builder.build(DriverService.java:355)
at org.openqa.selenium.chrome.ChromeDriverService.createDefaultService(ChromeDriverService.java:94)
at org.openqa.selenium.chrome.ChromeDriver.<init>(ChromeDriver.java:157)
at com.qa.paths.WebdriverPaths.Webdriver_chrome(WebdriverPaths.java:68)
at com.qa.baseclass.Baseclass.setUp(Baseclass.java:100)
... Removed 19 stack frames]]>
    </failure>
  </testcase> <!-- @BeforeSuite setUp -->
  <testcase classname="com.qa.baseclass.Baseclass" name="@BeforeTest closeChildWindowsIfAny" time="-1.70209982327E9">
    <skipped/>
  </testcase> <!-- @BeforeTest closeChildWindowsIfAny -->
  <testcase classname="com.DWEBPages.Sanity.tests.HomeTest" name="validatingSearchProductByNameInCatalog" time="0.007">
    <failure type="java.lang.NullPointerException" message="Cannot invoke &amp;quot;com.aventstack.extentreports.ExtentReports.createTest(String)&amp;quot; because &amp;quot;com.qa.baseclass.Baseclass.extent&amp;quot; is null">
      <![CDATA[java.lang.NullPointerException: Cannot invoke "com.aventstack.extentreports.ExtentReports.createTest(String)" because "com.qa.baseclass.Baseclass.extent" is null
at com.qa.testlistener.TestListeners.onTestSkipped(TestListeners.java:18)
at java.base/java.util.ArrayList.forEach(ArrayList.java:1511)
... Removed 25 stack frames]]>
    </failure>
  </testcase> <!-- validatingSearchProductByNameInCatalog -->
</testsuite> <!-- HomeTest -->
