<?xml version="1.0" encoding="UTF-8"?>
<!-- Generated by org.testng.reporters.JUnitXMLReporter -->
<testsuite ignored="3" hostname="Pwrs-MacBook-Pro.local" failures="1" tests="1" name="Test" time="0.062" errors="0" timestamp="2023-12-08T16:21:35 IST">
  <testcase classname="com.qa.baseclass.Baseclass" name="@BeforeSuite setUp" time="-1.702032695043E9">
    <failure type="org.testng.TestNGException" message="
Parameter &amp;apos;Browser&amp;apos; is required by BeforeSuite on method setUp but has not been marked @Optional or defined
in /Users/apple/Desktop/SANITY DWEB/dweb-qa-automation/testng.xml">
      <![CDATA[org.testng.TestNGException: 
Parameter 'Browser' is required by BeforeSuite on method setUp but has not been marked @Optional or defined
in /Users/apple/Desktop/SANITY DWEB/dweb-qa-automation/testng.xml
... Removed 16 stack frames]]>
    </failure>
  </testcase> <!-- @BeforeSuite setUp -->
  <testcase classname="com.qa.baseclass.Baseclass" name="@BeforeTest closeChildWindowsIfAny" time="-1.702032695057E9">
    <skipped/>
  </testcase> <!-- @BeforeTest closeChildWindowsIfAny -->
  <testcase classname="com.DWEBPages.Sanity.tests.HomeTest" name="validatingSearchProductByNameInCatalog" time="0.015">
    <failure type="java.lang.NullPointerException" message="Cannot invoke &amp;quot;com.aventstack.extentreports.ExtentReports.createTest(String)&amp;quot; because &amp;quot;com.qa.baseclass.Baseclass.extent&amp;quot; is null">
      <![CDATA[java.lang.NullPointerException: Cannot invoke "com.aventstack.extentreports.ExtentReports.createTest(String)" because "com.qa.baseclass.Baseclass.extent" is null
at com.qa.testlistener.TestListeners.onTestSkipped(TestListeners.java:18)
at java.base/java.util.ArrayList.forEach(ArrayList.java:1511)
... Removed 25 stack frames]]>
    </failure>
  </testcase> <!-- validatingSearchProductByNameInCatalog -->
  <testcase classname="com.qa.baseclass.Baseclass" name="@AfterSuite tearDown" time="0.0">
    <ignored/>
  </testcase> <!-- @AfterSuite tearDown -->
  <testcase classname="com.qa.baseclass.Baseclass" name="@BeforeTest closeChildWindowsIfAny" time="0.0">
    <ignored/>
  </testcase> <!-- @BeforeTest closeChildWindowsIfAny -->
  <testcase classname="com.qa.baseclass.Baseclass" name="@BeforeSuite setUp" time="0.0">
    <ignored/>
  </testcase> <!-- @BeforeSuite setUp -->
</testsuite> <!-- Test -->
